
ROM used:   1933/8192 (24%)
            1933/8192 (24%) including unused fragments

            1.5 Average locations per line
            9.9 Average locations per statement

RAM used:   18/368 (5%) at main() level
            32/368 (9%) worst case

Stack used: 5 worst case (5 in main + 0 for interrupts)
Stack size: 8

Lines Stmts  %   Files
----- ----- ---  -----
  144    96  49  exe18.c
   10     0   0  exe18.h
  661     0   0  ..\..\..\..\..\Program Files (x86)\PICC\Devices\16F877A.h
  456   100  51  ..\..\..\..\..\Program Files (x86)\PICC\Drivers\lcd.c
----- -----
 1271   196 Total

Page ROM  %  RAM   Vol Diff  Functions:
---- --- --- ---   --- ----  ----------
0     20   1    1             @delay_ms1
0      8   0    0             @const626
 Inline         3   760  4.5  lcd_read_byte
0     49   3    2   262  3.7  lcd_read_nibble
0     48   2    1   399  2.4  lcd_send_nibble
0     94   5    3   415  3.7  lcd_send_byte
0     61   3    2   704  5.0  lcd_init
0     18   1    4   208  6.3  lcd_gotoxy
0     44   2    1   354  4.7  lcd_putc
0   1078  56    1  3460  4.9  MAIN
0      8   0    0             @const663
0     75   4    4             @PSTRINGC7_645
0     12   1    0             @const665
0     31   2    2             @ITOF
0     63   3   10             @FLT
0      7   0    0             @const671
0      7   0    0             @const672
0      8   0    0             @const673
0      7   0    0             @const674
0      8   0    0             @const675
0      7   0    0             @const676
0      8   0    0             @const677
0      7   0    0             @const678
0      7   0    0             @const679
0      7   0    0             @const680
0      8   0    0             @const681
0      7   0    0             @const682
0      8   0    0             @const683
0      7   0    0             @const684
0      8   0    0             @const685
0      7   0    0             @const686
0      7   0    0             @const687
0      7   0    0             @const688
0      8   0    0             @const689
0      7   0    0             @const690
0      8   0    0             @const691
0      8   0    0             @const692
0      8   0    0             @const693
0      8   0    0             @const694
0      7   0    0             @const695
0      8   0    0             @const696
0      8   0    0             @const697
0      8   0    0             @const698
0      8   0    0             @const699
0      8   0    0             @const700
0      8   0    0             @const701
0      8   0    0             @const702
0      7   0    0             @const703
0      8   0    0             @const704
0      8   0    0             @const705
0      8   0    0             @const706
0      8   0    0             @const707
0      8   0    0             @const708
0      8   0    0             @const709
0      8   0    0             @const710
0      7   0    0             @const711
0      8   0    0             @const712
 Inline         0             @cinit1

Program metrics:
    Functions               8
    Statements              196
    Comments                215
    Volume (V)              9208
    Difficulty (D)          31.0
    Effort to implement (E) 285537
    Time to implement (T)   4 hours, 24 minutes
    Est Delivered Bugs (B)  1
    Cyclomatic Complexity   29
    Maintainability (MI)    131

 Segment     Used  Free
-----------  ----  ----
00000-00003     4  0  
00004-007FF  1929  115  
00800-00FFF     0  2048  
01000-017FF     0  2048  
01800-01FFF     0  2048  



